
> portfolio@1.0.0 build
> vite build

[36mvite v6.4.1 [32mbuilding for production...[36m[39m
transforming...
[32mΓ£ô[39m 2734 modules transformed.
rendering chunks...
computing gzip size...
[2mdist/[22m[32mindex.html                 [39m[1m[2m    0.95 kB[22m[1m[22m[2m Γöé gzip:   0.50 kB[22m
[2mdist/[22m[35massets/index-DmoN6ido.css  [39m[1m[2m   13.29 kB[22m[1m[22m[2m Γöé gzip:   3.60 kB[22m
[2mdist/[22m[36massets/index-Ch9OPZAV.js   [39m[1m[33m1,332.28 kB[39m[22m[2m Γöé gzip: 371.59 kB[22m
node.exe : [33m
At C:\Program Files\no
dejs\npm.ps1:29 char:3
+   & $NODE_EXE 
$NPM_CLI_JS $args
+   ~~~~~~~~~~~~~~~~~~
~~~~~~~~~~~
    + CategoryInfo    
          : NotSpeci  
  fied: ([33m:Stri   
 ng) [], RemoteExc    
eption
    + FullyQualifiedE 
   rrorId : NativeCo  
  mmandError
 
(!) Some chunks are 
larger than 500 kB 
after minification. 
Consider:
- Using dynamic 
import() to 
code-split the 
application
- Use build.rollupOpti
ons.output.manualChunk
s to improve 
chunking: https://roll
upjs.org/configuration
-options/#output-manua
lchunks
- Adjust chunk size 
limit for this 
warning via build.chun
kSizeWarningLimit.[39
m
[32mΓ£ô built in 31.56s[39m
